Running: /opt/Xilinx/14.7/ISE_DS/ISE/bin/lin64/unwrapped/fuse -f Hamming_encoding_fixpt_tb_simprj.do 
ISim P.20131013 (signature 0xfbc00daa)
Number of CPUs detected in this system: 12
Turning on mult-threading, number of parallel sub-compilation jobs: 24 
Starting static elaboration
Completed static elaboration
Fuse Memory Usage: 86308 KB
Fuse CPU Usage: 880 ms
Compiling package standard
Compiling package textio
Compiling package std_logic_1164
Compiling package std_logic_textio
Compiling package numeric_std
Compiling package hamming_encoding_fixpt_tb_pkg
Compiling architecture rtl of entity Hamming_encoding_fixpt [hamming_encoding_fixpt_default]
Compiling architecture rtl of entity hamming_encoding_fixpt_tb
Time Resolution for simulation is 1ps.
Compiled 9 VHDL Units
Built simulation executable Hamming_encoding_fixpt_isim_design.exe
Fuse Memory Usage: 1712832 KB
Fuse CPU Usage: 990 ms
GCC CPU Usage: 1720 ms
