Copyright 1986-2017 Xilinx, Inc. All Rights Reserved.
------------------------------------------------------------------------------------------------------------------------------------------------------------------------------
| Tool Version : Vivado v.2017.4 (lin64) Build 2086221 Fri Dec 15 20:54:30 MST 2017
| Date         : Wed Apr  3 17:42:48 2019
| Host         : Dbrick running 64-bit Antergos Linux
| Command      : report_timing_summary -delay_type min_max -report_unconstrained -check_timing_verbose -max_paths 3 -nworst 3 -name timing_post_map -file timing_post_map.rpt
| Design       : Hamming_decoding_fixpt
| Device       : 7a200tl-fbg676
| Speed File   : -2L  PRODUCTION 1.13 2017-07-26
------------------------------------------------------------------------------------------------------------------------------------------------------------------------------

Timing Summary Report

------------------------------------------------------------------------------------------------
| Timer Settings
| --------------
------------------------------------------------------------------------------------------------

  Enable Multi Corner Analysis               :  Yes
  Enable Pessimism Removal                   :  Yes
  Pessimism Removal Resolution               :  Nearest Common Node
  Enable Input Delay Default Clock           :  No
  Enable Preset / Clear Arcs                 :  No
  Disable Flight Delays                      :  No
  Ignore I/O Paths                           :  No
  Timing Early Launch at Borrowing Latches   :  false

  Corner  Analyze    Analyze    
  Name    Max Paths  Min Paths  
  ------  ---------  ---------  
  Slow    Yes        Yes        
  Fast    Yes        Yes        



check_timing report

Table of Contents
-----------------
1. checking no_clock
2. checking constant_clock
3. checking pulse_width_clock
4. checking unconstrained_internal_endpoints
5. checking no_input_delay
6. checking no_output_delay
7. checking multiple_clock
8. checking generated_clocks
9. checking loops
10. checking partial_input_delay
11. checking partial_output_delay
12. checking latch_loops

1. checking no_clock
--------------------
 There are 0 register/latch pins with no clock.


2. checking constant_clock
--------------------------
 There are 0 register/latch pins with constant_clock.


3. checking pulse_width_clock
-----------------------------
 There are 0 register/latch pins which need pulse_width check


4. checking unconstrained_internal_endpoints
--------------------------------------------
 There are 0 pins that are not constrained for maximum delay.

 There are 0 pins that are not constrained for maximum delay due to constant clock.


5. checking no_input_delay
--------------------------
 There are 0 input ports with no input delay specified.

 There are 0 input ports with no input delay but user has a false path constraint.


6. checking no_output_delay
---------------------------
 There are 0 ports with no output delay specified.

 There are 0 ports with no output delay but user has a false path constraint

 There are 0 ports with no output delay but with a timing clock defined on it or propagating through it


7. checking multiple_clock
--------------------------
 There are 0 register/latch pins with multiple clocks.


8. checking generated_clocks
----------------------------
 There are 0 generated clocks that are not connected to a clock source.


9. checking loops
-----------------
 There are 0 combinational loops in the design.


10. checking partial_input_delay
--------------------------------
 There are 0 input ports with partial input delay specified.


11. checking partial_output_delay
---------------------------------
 There are 0 ports with partial output delay specified.


12. checking latch_loops
------------------------
 There are 0 combinational latch loops in the design through latch input



------------------------------------------------------------------------------------------------
| Design Timing Summary
| ---------------------
------------------------------------------------------------------------------------------------

    WNS(ns)      TNS(ns)  TNS Failing Endpoints  TNS Total Endpoints      WHS(ns)      THS(ns)  THS Failing Endpoints  THS Total Endpoints     WPWS(ns)     TPWS(ns)  TPWS Failing Endpoints  TPWS Total Endpoints  
    -------      -------  ---------------------  -------------------      -------      -------  ---------------------  -------------------     --------     --------  ----------------------  --------------------  
        inf        0.000                      0                   16          inf        0.000                      0                   16           NA           NA                      NA                    NA  


There are no user specified timing constraints.


------------------------------------------------------------------------------------------------
| Clock Summary
| -------------
------------------------------------------------------------------------------------------------


------------------------------------------------------------------------------------------------
| Intra Clock Table
| -----------------
------------------------------------------------------------------------------------------------

Clock             WNS(ns)      TNS(ns)  TNS Failing Endpoints  TNS Total Endpoints      WHS(ns)      THS(ns)  THS Failing Endpoints  THS Total Endpoints     WPWS(ns)     TPWS(ns)  TPWS Failing Endpoints  TPWS Total Endpoints  
-----             -------      -------  ---------------------  -------------------      -------      -------  ---------------------  -------------------     --------     --------  ----------------------  --------------------  


------------------------------------------------------------------------------------------------
| Inter Clock Table
| -----------------
------------------------------------------------------------------------------------------------

From Clock    To Clock          WNS(ns)      TNS(ns)  TNS Failing Endpoints  TNS Total Endpoints      WHS(ns)      THS(ns)  THS Failing Endpoints  THS Total Endpoints  
----------    --------          -------      -------  ---------------------  -------------------      -------      -------  ---------------------  -------------------  


------------------------------------------------------------------------------------------------
| Other Path Groups Table
| -----------------------
------------------------------------------------------------------------------------------------

Path Group    From Clock    To Clock          WNS(ns)      TNS(ns)  TNS Failing Endpoints  TNS Total Endpoints      WHS(ns)      THS(ns)  THS Failing Endpoints  THS Total Endpoints  
----------    ----------    --------          -------      -------  ---------------------  -------------------      -------      -------  ---------------------  -------------------  


------------------------------------------------------------------------------------------------
| User Ignored Path Table
| -----------------------
------------------------------------------------------------------------------------------------

Path Group    From Clock    To Clock    
----------    ----------    --------    


------------------------------------------------------------------------------------------------
| Unconstrained Path Table
| ------------------------
------------------------------------------------------------------------------------------------

Path Group    From Clock    To Clock    
----------    ----------    --------    
(none)                                    


------------------------------------------------------------------------------------------------
| Timing Details
| --------------
------------------------------------------------------------------------------------------------


--------------------------------------------------------------------------------------
Path Group:  (none)
From Clock:  
  To Clock:  

Max Delay            16 Endpoints
Min Delay            16 Endpoints
--------------------------------------------------------------------------------------


Max Delay Paths
--------------------------------------------------------------------------------------
Slack:                    inf
  Source:                 input_encoded[9]
                            (input port)
  Destination:            output[0]
                            (output port)
  Path Group:             (none)
  Path Type:              Max at Slow Process Corner
  Data Path Delay:        6.548ns  (logic 4.140ns (63.223%)  route 2.408ns (36.777%))
  Logic Levels:           4  (IBUF=1 LUT5=1 LUT6=1 OBUF=1)

    Location             Delay type                Incr(ns)  Path(ns)    Netlist Resource(s)
  -------------------------------------------------------------------    -------------------
                                                      0.000     0.000 r  input_encoded[9] (IN)
                         net (fo=0)                   0.000     0.000    input_encoded[9]
                         IBUF (Prop_ibuf_I_O)         1.001     1.001 r  input_encoded_IBUF[9]_inst/O
                         net (fo=3, unplaced)         0.809     1.810    input_encoded_IBUF[9]
                         LUT6 (Prop_lut6_I0_O)        0.148     1.958 r  errorPosition_OBUF[1]_inst_i_1/O
                         net (fo=13, unplaced)        0.791     2.749    errorPosition_OBUF[1]
                         LUT5 (Prop_lut5_I1_O)        0.148     2.897 r  output[0]_INST_0_i_1/O
                         net (fo=1, unplaced)         0.809     3.705    output_OBUF[0]
                         OBUF (Prop_obuf_I_O)         2.843     6.548 r  output[0]_INST_0/O
                         net (fo=0)                   0.000     6.548    output[0]
                                                                      r  output[0] (OUT)
  -------------------------------------------------------------------    -------------------

Slack:                    inf
  Source:                 input_encoded[9]
                            (input port)
  Destination:            output[0]
                            (output port)
  Path Group:             (none)
  Path Type:              Max at Slow Process Corner
  Data Path Delay:        6.548ns  (logic 4.140ns (63.223%)  route 2.408ns (36.777%))
  Logic Levels:           4  (IBUF=1 LUT5=1 LUT6=1 OBUF=1)

    Location             Delay type                Incr(ns)  Path(ns)    Netlist Resource(s)
  -------------------------------------------------------------------    -------------------
                                                      0.000     0.000 f  input_encoded[9] (IN)
                         net (fo=0)                   0.000     0.000    input_encoded[9]
                         IBUF (Prop_ibuf_I_O)         1.001     1.001 f  input_encoded_IBUF[9]_inst/O
                         net (fo=3, unplaced)         0.809     1.810    input_encoded_IBUF[9]
                         LUT6 (Prop_lut6_I0_O)        0.148     1.958 r  errorPosition_OBUF[1]_inst_i_1/O
                         net (fo=13, unplaced)        0.791     2.749    errorPosition_OBUF[1]
                         LUT5 (Prop_lut5_I1_O)        0.148     2.897 r  output[0]_INST_0_i_1/O
                         net (fo=1, unplaced)         0.809     3.705    output_OBUF[0]
                         OBUF (Prop_obuf_I_O)         2.843     6.548 r  output[0]_INST_0/O
                         net (fo=0)                   0.000     6.548    output[0]
                                                                      r  output[0] (OUT)
  -------------------------------------------------------------------    -------------------

Slack:                    inf
  Source:                 input_encoded[1]
                            (input port)
  Destination:            output[0]
                            (output port)
  Path Group:             (none)
  Path Type:              Max at Slow Process Corner
  Data Path Delay:        6.548ns  (logic 4.140ns (63.223%)  route 2.408ns (36.777%))
  Logic Levels:           4  (IBUF=1 LUT5=1 LUT6=1 OBUF=1)

    Location             Delay type                Incr(ns)  Path(ns)    Netlist Resource(s)
  -------------------------------------------------------------------    -------------------
                                                      0.000     0.000 r  input_encoded[1] (IN)
                         net (fo=0)                   0.000     0.000    input_encoded[1]
                         IBUF (Prop_ibuf_I_O)         1.001     1.001 r  input_encoded_IBUF[1]_inst/O
                         net (fo=2, unplaced)         0.809     1.810    input_encoded_IBUF[1]
                         LUT6 (Prop_lut6_I5_O)        0.148     1.958 r  errorPosition_OBUF[1]_inst_i_1/O
                         net (fo=13, unplaced)        0.791     2.749    errorPosition_OBUF[1]
                         LUT5 (Prop_lut5_I1_O)        0.148     2.897 r  output[0]_INST_0_i_1/O
                         net (fo=1, unplaced)         0.809     3.705    output_OBUF[0]
                         OBUF (Prop_obuf_I_O)         2.843     6.548 r  output[0]_INST_0/O
                         net (fo=0)                   0.000     6.548    output[0]
                                                                      r  output[0] (OUT)
  -------------------------------------------------------------------    -------------------





Min Delay Paths
--------------------------------------------------------------------------------------
Slack:                    inf
  Source:                 input_encoded[2]
                            (input port)
  Destination:            errorPosition[0]
                            (output port)
  Path Group:             (none)
  Path Type:              Min at Fast Process Corner
  Data Path Delay:        2.518ns  (logic 1.716ns (68.147%)  route 0.802ns (31.853%))
  Logic Levels:           3  (IBUF=1 LUT6=1 OBUF=1)

    Location             Delay type                Incr(ns)  Path(ns)    Netlist Resource(s)
  -------------------------------------------------------------------    -------------------
                                                      0.000     0.000 r  input_encoded[2] (IN)
                         net (fo=0)                   0.000     0.000    input_encoded[2]
                         IBUF (Prop_ibuf_I_O)         0.412     0.412 r  input_encoded_IBUF[2]_inst/O
                         net (fo=3, unplaced)         0.401     0.813    input_encoded_IBUF[2]
                         LUT6 (Prop_lut6_I0_O)        0.062     0.875 r  errorPosition_OBUF[0]_inst_i_1/O
                         net (fo=13, unplaced)        0.401     1.276    errorPosition_OBUF[0]
                         OBUF (Prop_obuf_I_O)         1.242     2.518 r  errorPosition_OBUF[0]_inst/O
                         net (fo=0)                   0.000     2.518    errorPosition[0]
                                                                      r  errorPosition[0] (OUT)
  -------------------------------------------------------------------    -------------------

Slack:                    inf
  Source:                 input_encoded[2]
                            (input port)
  Destination:            errorPosition[0]
                            (output port)
  Path Group:             (none)
  Path Type:              Min at Fast Process Corner
  Data Path Delay:        2.518ns  (logic 1.716ns (68.147%)  route 0.802ns (31.853%))
  Logic Levels:           3  (IBUF=1 LUT6=1 OBUF=1)

    Location             Delay type                Incr(ns)  Path(ns)    Netlist Resource(s)
  -------------------------------------------------------------------    -------------------
                                                      0.000     0.000 f  input_encoded[2] (IN)
                         net (fo=0)                   0.000     0.000    input_encoded[2]
                         IBUF (Prop_ibuf_I_O)         0.412     0.412 f  input_encoded_IBUF[2]_inst/O
                         net (fo=3, unplaced)         0.401     0.813    input_encoded_IBUF[2]
                         LUT6 (Prop_lut6_I0_O)        0.062     0.875 r  errorPosition_OBUF[0]_inst_i_1/O
                         net (fo=13, unplaced)        0.401     1.276    errorPosition_OBUF[0]
                         OBUF (Prop_obuf_I_O)         1.242     2.518 r  errorPosition_OBUF[0]_inst/O
                         net (fo=0)                   0.000     2.518    errorPosition[0]
                                                                      r  errorPosition[0] (OUT)
  -------------------------------------------------------------------    -------------------

Slack:                    inf
  Source:                 input_encoded[0]
                            (input port)
  Destination:            errorPosition[0]
                            (output port)
  Path Group:             (none)
  Path Type:              Min at Fast Process Corner
  Data Path Delay:        2.518ns  (logic 1.716ns (68.147%)  route 0.802ns (31.853%))
  Logic Levels:           3  (IBUF=1 LUT6=1 OBUF=1)

    Location             Delay type                Incr(ns)  Path(ns)    Netlist Resource(s)
  -------------------------------------------------------------------    -------------------
                                                      0.000     0.000 r  input_encoded[0] (IN)
                         net (fo=0)                   0.000     0.000    input_encoded[0]
                         IBUF (Prop_ibuf_I_O)         0.412     0.412 r  input_encoded_IBUF[0]_inst/O
                         net (fo=2, unplaced)         0.401     0.813    input_encoded_IBUF[0]
                         LUT6 (Prop_lut6_I5_O)        0.062     0.875 r  errorPosition_OBUF[0]_inst_i_1/O
                         net (fo=13, unplaced)        0.401     1.276    errorPosition_OBUF[0]
                         OBUF (Prop_obuf_I_O)         1.242     2.518 r  errorPosition_OBUF[0]_inst/O
                         net (fo=0)                   0.000     2.518    errorPosition[0]
                                                                      r  errorPosition[0] (OUT)
  -------------------------------------------------------------------    -------------------





