
*** Running vivado
    with args -log Hamming_decoding_fixpt.vds -m64 -product Vivado -mode batch -messageDb vivado.pb -notrace -source Hamming_decoding_fixpt.tcl


****** Vivado v2017.4 (64-bit)
  **** SW Build 2086221 on Fri Dec 15 20:54:30 MST 2017
  **** IP Build 2085800 on Fri Dec 15 22:25:07 MST 2017
    ** Copyright 1986-2017 Xilinx, Inc. All Rights Reserved.

source Hamming_decoding_fixpt.tcl -notrace
Command: synth_design -top Hamming_decoding_fixpt -part xc7a200tlfbg676-2L
Starting synth_design
Attempting to get a license for feature 'Synthesis' and/or device 'xc7a200tl'
INFO: [Common 17-349] Got license for feature 'Synthesis' and/or device 'xc7a200tl'
INFO: Launching helper process for spawning children vivado processes
INFO: Helper process launched with PID 14751 
---------------------------------------------------------------------------------
Starting Synthesize : Time (s): cpu = 00:00:06 ; elapsed = 00:00:06 . Memory (MB): peak = 1209.992 ; gain = 65.000 ; free physical = 9093 ; free virtual = 12069
---------------------------------------------------------------------------------
INFO: [Synth 8-638] synthesizing module 'Hamming_decoding_fixpt' [/home/sky/Documents/MATLAB/Hamming/codegen/Hamming_decoding/hdlsrc/Hamming_decoding_fixpt.vhd:38]
INFO: [Synth 8-256] done synthesizing module 'Hamming_decoding_fixpt' (1#1) [/home/sky/Documents/MATLAB/Hamming/codegen/Hamming_decoding/hdlsrc/Hamming_decoding_fixpt.vhd:38]
---------------------------------------------------------------------------------
Finished Synthesize : Time (s): cpu = 00:00:06 ; elapsed = 00:00:07 . Memory (MB): peak = 1251.523 ; gain = 106.531 ; free physical = 9106 ; free virtual = 12082
---------------------------------------------------------------------------------
---------------------------------------------------------------------------------
Finished Constraint Validation : Time (s): cpu = 00:00:06 ; elapsed = 00:00:07 . Memory (MB): peak = 1251.523 ; gain = 106.531 ; free physical = 9106 ; free virtual = 12082
---------------------------------------------------------------------------------
---------------------------------------------------------------------------------
Start Loading Part and Timing Information
---------------------------------------------------------------------------------
Loading part: xc7a200tlfbg676-2L
---------------------------------------------------------------------------------
Finished Loading Part and Timing Information : Time (s): cpu = 00:00:06 ; elapsed = 00:00:07 . Memory (MB): peak = 1259.527 ; gain = 114.535 ; free physical = 9106 ; free virtual = 12082
---------------------------------------------------------------------------------
INFO: [Device 21-403] Loading part xc7a200tlfbg676-2L
---------------------------------------------------------------------------------
Finished RTL Optimization Phase 2 : Time (s): cpu = 00:00:06 ; elapsed = 00:00:07 . Memory (MB): peak = 1267.535 ; gain = 122.543 ; free physical = 9099 ; free virtual = 12075
---------------------------------------------------------------------------------

Report RTL Partitions: 
+-+--------------+------------+----------+
| |RTL Partition |Replication |Instances |
+-+--------------+------------+----------+
+-+--------------+------------+----------+
No constraint files found.
---------------------------------------------------------------------------------
Start RTL Component Statistics 
---------------------------------------------------------------------------------
Detailed RTL Component Info : 
+---Adders : 
	   2 Input      4 Bit       Adders := 1     
+---XORs : 
	   5 Input      1 Bit         XORs := 1     
	   2 Input      1 Bit         XORs := 2     
	   3 Input      1 Bit         XORs := 3     
+---Muxes : 
	   2 Input     12 Bit        Muxes := 1     
---------------------------------------------------------------------------------
Finished RTL Component Statistics 
---------------------------------------------------------------------------------
---------------------------------------------------------------------------------
Start RTL Hierarchical Component Statistics 
---------------------------------------------------------------------------------
Hierarchical RTL Component report 
Module Hamming_decoding_fixpt 
Detailed RTL Component Info : 
+---Adders : 
	   2 Input      4 Bit       Adders := 1     
+---XORs : 
	   5 Input      1 Bit         XORs := 1     
	   2 Input      1 Bit         XORs := 2     
	   3 Input      1 Bit         XORs := 3     
+---Muxes : 
	   2 Input     12 Bit        Muxes := 1     
---------------------------------------------------------------------------------
Finished RTL Hierarchical Component Statistics
---------------------------------------------------------------------------------
---------------------------------------------------------------------------------
Start Part Resource Summary
---------------------------------------------------------------------------------
Part Resources:
DSPs: 740 (col length:100)
BRAMs: 730 (col length: RAMB18 100 RAMB36 50)
---------------------------------------------------------------------------------
Finished Part Resource Summary
---------------------------------------------------------------------------------
No constraint files found.
---------------------------------------------------------------------------------
Start Cross Boundary and Area Optimization
---------------------------------------------------------------------------------
---------------------------------------------------------------------------------
Finished Cross Boundary and Area Optimization : Time (s): cpu = 00:00:11 ; elapsed = 00:00:18 . Memory (MB): peak = 1435.949 ; gain = 290.957 ; free physical = 8897 ; free virtual = 11874
---------------------------------------------------------------------------------

Report RTL Partitions: 
+-+--------------+------------+----------+
| |RTL Partition |Replication |Instances |
+-+--------------+------------+----------+
+-+--------------+------------+----------+
No constraint files found.
---------------------------------------------------------------------------------
Start Timing Optimization
---------------------------------------------------------------------------------
---------------------------------------------------------------------------------
Finished Timing Optimization : Time (s): cpu = 00:00:11 ; elapsed = 00:00:18 . Memory (MB): peak = 1435.949 ; gain = 290.957 ; free physical = 8897 ; free virtual = 11873
---------------------------------------------------------------------------------

Report RTL Partitions: 
+-+--------------+------------+----------+
| |RTL Partition |Replication |Instances |
+-+--------------+------------+----------+
+-+--------------+------------+----------+
---------------------------------------------------------------------------------
Start Technology Mapping
---------------------------------------------------------------------------------
---------------------------------------------------------------------------------
Finished Technology Mapping : Time (s): cpu = 00:00:11 ; elapsed = 00:00:18 . Memory (MB): peak = 1435.949 ; gain = 290.957 ; free physical = 8897 ; free virtual = 11873
---------------------------------------------------------------------------------

Report RTL Partitions: 
+-+--------------+------------+----------+
| |RTL Partition |Replication |Instances |
+-+--------------+------------+----------+
+-+--------------+------------+----------+
---------------------------------------------------------------------------------
Start IO Insertion
---------------------------------------------------------------------------------
---------------------------------------------------------------------------------
Start Flattening Before IO Insertion
---------------------------------------------------------------------------------
---------------------------------------------------------------------------------
Finished Flattening Before IO Insertion
---------------------------------------------------------------------------------
---------------------------------------------------------------------------------
Start Final Netlist Cleanup
---------------------------------------------------------------------------------
---------------------------------------------------------------------------------
Finished Final Netlist Cleanup
---------------------------------------------------------------------------------
---------------------------------------------------------------------------------
Finished IO Insertion : Time (s): cpu = 00:00:11 ; elapsed = 00:00:18 . Memory (MB): peak = 1435.949 ; gain = 290.957 ; free physical = 8897 ; free virtual = 11873
---------------------------------------------------------------------------------

Report Check Netlist: 
+------+------------------+-------+---------+-------+------------------+
|      |Item              |Errors |Warnings |Status |Description       |
+------+------------------+-------+---------+-------+------------------+
|1     |multi_driven_nets |      0|        0|Passed |Multi driven nets |
+------+------------------+-------+---------+-------+------------------+
---------------------------------------------------------------------------------
Start Renaming Generated Instances
---------------------------------------------------------------------------------
---------------------------------------------------------------------------------
Finished Renaming Generated Instances : Time (s): cpu = 00:00:11 ; elapsed = 00:00:18 . Memory (MB): peak = 1435.949 ; gain = 290.957 ; free physical = 8897 ; free virtual = 11873
---------------------------------------------------------------------------------

Report RTL Partitions: 
+-+--------------+------------+----------+
| |RTL Partition |Replication |Instances |
+-+--------------+------------+----------+
+-+--------------+------------+----------+
---------------------------------------------------------------------------------
Start Rebuilding User Hierarchy
---------------------------------------------------------------------------------
---------------------------------------------------------------------------------
Finished Rebuilding User Hierarchy : Time (s): cpu = 00:00:11 ; elapsed = 00:00:18 . Memory (MB): peak = 1435.949 ; gain = 290.957 ; free physical = 8897 ; free virtual = 11873
---------------------------------------------------------------------------------
---------------------------------------------------------------------------------
Start Renaming Generated Ports
---------------------------------------------------------------------------------
---------------------------------------------------------------------------------
Finished Renaming Generated Ports : Time (s): cpu = 00:00:11 ; elapsed = 00:00:18 . Memory (MB): peak = 1435.949 ; gain = 290.957 ; free physical = 8897 ; free virtual = 11873
---------------------------------------------------------------------------------
---------------------------------------------------------------------------------
Start Handling Custom Attributes
---------------------------------------------------------------------------------
---------------------------------------------------------------------------------
Finished Handling Custom Attributes : Time (s): cpu = 00:00:11 ; elapsed = 00:00:18 . Memory (MB): peak = 1435.949 ; gain = 290.957 ; free physical = 8897 ; free virtual = 11873
---------------------------------------------------------------------------------
---------------------------------------------------------------------------------
Start Renaming Generated Nets
---------------------------------------------------------------------------------
---------------------------------------------------------------------------------
Finished Renaming Generated Nets : Time (s): cpu = 00:00:11 ; elapsed = 00:00:18 . Memory (MB): peak = 1435.949 ; gain = 290.957 ; free physical = 8897 ; free virtual = 11873
---------------------------------------------------------------------------------
---------------------------------------------------------------------------------
Start Writing Synthesis Report
---------------------------------------------------------------------------------

Report BlackBoxes: 
+-+--------------+----------+
| |BlackBox name |Instances |
+-+--------------+----------+
+-+--------------+----------+

Report Cell Usage: 
+------+-----+------+
|      |Cell |Count |
+------+-----+------+
|1     |LUT5 |    14|
|2     |LUT6 |     2|
|3     |IBUF |    12|
|4     |OBUF |    16|
+------+-----+------+

Report Instance Areas: 
+------+---------+-------+------+
|      |Instance |Module |Cells |
+------+---------+-------+------+
|1     |top      |       |    44|
+------+---------+-------+------+
---------------------------------------------------------------------------------
Finished Writing Synthesis Report : Time (s): cpu = 00:00:11 ; elapsed = 00:00:18 . Memory (MB): peak = 1435.949 ; gain = 290.957 ; free physical = 8897 ; free virtual = 11873
---------------------------------------------------------------------------------
Synthesis finished with 0 errors, 0 critical warnings and 0 warnings.
Synthesis Optimization Runtime : Time (s): cpu = 00:00:11 ; elapsed = 00:00:18 . Memory (MB): peak = 1435.949 ; gain = 290.957 ; free physical = 8899 ; free virtual = 11875
Synthesis Optimization Complete : Time (s): cpu = 00:00:11 ; elapsed = 00:00:18 . Memory (MB): peak = 1435.957 ; gain = 290.957 ; free physical = 8899 ; free virtual = 11875
INFO: [Project 1-571] Translating synthesized netlist
INFO: [Netlist 29-17] Analyzing 12 Unisim elements for replacement
INFO: [Netlist 29-28] Unisim Transformation completed in 0 CPU seconds
INFO: [Project 1-570] Preparing netlist for logic optimization
INFO: [Opt 31-138] Pushed 0 inverter(s) to 0 load pin(s).
INFO: [Project 1-111] Unisim Transformation Summary:
No Unisim elements were transformed.

INFO: [Common 17-83] Releasing license: Synthesis
11 Infos, 0 Warnings, 0 Critical Warnings and 0 Errors encountered.
synth_design completed successfully
synth_design: Time (s): cpu = 00:00:13 ; elapsed = 00:00:20 . Memory (MB): peak = 1510.949 ; gain = 379.328 ; free physical = 8842 ; free virtual = 11843
INFO: [Common 17-1381] The checkpoint '/home/sky/Documents/MATLAB/Hamming/codegen/Hamming_decoding/hdlsrc/vivado_prj/Hamming_decoding_fixpt_vivado.runs/synth_1/Hamming_decoding_fixpt.dcp' has been generated.
INFO: [runtcl-4] Executing : report_utilization -file Hamming_decoding_fixpt_utilization_synth.rpt -pb Hamming_decoding_fixpt_utilization_synth.pb
report_utilization: Time (s): cpu = 00:00:00.08 ; elapsed = 00:00:00.09 . Memory (MB): peak = 1534.961 ; gain = 0.000 ; free physical = 8842 ; free virtual = 11843
INFO: [Common 17-206] Exiting Vivado at Wed Apr  3 17:42:14 2019...
