Copyright 1986-2017 Xilinx, Inc. All Rights Reserved.
------------------------------------------------------------------------------------------------------------------------------------------------------------------------------
| Tool Version : Vivado v.2017.4 (lin64) Build 2086221 Fri Dec 15 20:54:30 MST 2017
| Date         : Fri Mar 29 14:26:29 2019
| Host         : Dbrick running 64-bit Antergos Linux
| Command      : report_timing_summary -delay_type min_max -report_unconstrained -check_timing_verbose -max_paths 3 -nworst 3 -name timing_post_map -file timing_post_map.rpt
| Design       : Hamming_encoding_fixpt
| Device       : 7a200tl-fbg676
| Speed File   : -2L  PRODUCTION 1.13 2017-07-26
------------------------------------------------------------------------------------------------------------------------------------------------------------------------------

Timing Summary Report

------------------------------------------------------------------------------------------------
| Timer Settings
| --------------
------------------------------------------------------------------------------------------------

  Enable Multi Corner Analysis               :  Yes
  Enable Pessimism Removal                   :  Yes
  Pessimism Removal Resolution               :  Nearest Common Node
  Enable Input Delay Default Clock           :  No
  Enable Preset / Clear Arcs                 :  No
  Disable Flight Delays                      :  No
  Ignore I/O Paths                           :  No
  Timing Early Launch at Borrowing Latches   :  false

  Corner  Analyze    Analyze    
  Name    Max Paths  Min Paths  
  ------  ---------  ---------  
  Slow    Yes        Yes        
  Fast    Yes        Yes        



check_timing report

Table of Contents
-----------------
1. checking no_clock
2. checking constant_clock
3. checking pulse_width_clock
4. checking unconstrained_internal_endpoints
5. checking no_input_delay
6. checking no_output_delay
7. checking multiple_clock
8. checking generated_clocks
9. checking loops
10. checking partial_input_delay
11. checking partial_output_delay
12. checking latch_loops

1. checking no_clock
--------------------
 There are 0 register/latch pins with no clock.


2. checking constant_clock
--------------------------
 There are 0 register/latch pins with constant_clock.


3. checking pulse_width_clock
-----------------------------
 There are 0 register/latch pins which need pulse_width check


4. checking unconstrained_internal_endpoints
--------------------------------------------
 There are 0 pins that are not constrained for maximum delay.

 There are 0 pins that are not constrained for maximum delay due to constant clock.


5. checking no_input_delay
--------------------------
 There are 0 input ports with no input delay specified.

 There are 0 input ports with no input delay but user has a false path constraint.


6. checking no_output_delay
---------------------------
 There are 0 ports with no output delay specified.

 There are 0 ports with no output delay but user has a false path constraint

 There are 0 ports with no output delay but with a timing clock defined on it or propagating through it


7. checking multiple_clock
--------------------------
 There are 0 register/latch pins with multiple clocks.


8. checking generated_clocks
----------------------------
 There are 0 generated clocks that are not connected to a clock source.


9. checking loops
-----------------
 There are 0 combinational loops in the design.


10. checking partial_input_delay
--------------------------------
 There are 0 input ports with partial input delay specified.


11. checking partial_output_delay
---------------------------------
 There are 0 ports with partial output delay specified.


12. checking latch_loops
------------------------
 There are 0 combinational latch loops in the design through latch input



------------------------------------------------------------------------------------------------
| Design Timing Summary
| ---------------------
------------------------------------------------------------------------------------------------

    WNS(ns)      TNS(ns)  TNS Failing Endpoints  TNS Total Endpoints      WHS(ns)      THS(ns)  THS Failing Endpoints  THS Total Endpoints     WPWS(ns)     TPWS(ns)  TPWS Failing Endpoints  TPWS Total Endpoints  
    -------      -------  ---------------------  -------------------      -------      -------  ---------------------  -------------------     --------     --------  ----------------------  --------------------  
        inf        0.000                      0                   12          inf        0.000                      0                   12           NA           NA                      NA                    NA  


There are no user specified timing constraints.


------------------------------------------------------------------------------------------------
| Clock Summary
| -------------
------------------------------------------------------------------------------------------------


------------------------------------------------------------------------------------------------
| Intra Clock Table
| -----------------
------------------------------------------------------------------------------------------------

Clock             WNS(ns)      TNS(ns)  TNS Failing Endpoints  TNS Total Endpoints      WHS(ns)      THS(ns)  THS Failing Endpoints  THS Total Endpoints     WPWS(ns)     TPWS(ns)  TPWS Failing Endpoints  TPWS Total Endpoints  
-----             -------      -------  ---------------------  -------------------      -------      -------  ---------------------  -------------------     --------     --------  ----------------------  --------------------  


------------------------------------------------------------------------------------------------
| Inter Clock Table
| -----------------
------------------------------------------------------------------------------------------------

From Clock    To Clock          WNS(ns)      TNS(ns)  TNS Failing Endpoints  TNS Total Endpoints      WHS(ns)      THS(ns)  THS Failing Endpoints  THS Total Endpoints  
----------    --------          -------      -------  ---------------------  -------------------      -------      -------  ---------------------  -------------------  


------------------------------------------------------------------------------------------------
| Other Path Groups Table
| -----------------------
------------------------------------------------------------------------------------------------

Path Group    From Clock    To Clock          WNS(ns)      TNS(ns)  TNS Failing Endpoints  TNS Total Endpoints      WHS(ns)      THS(ns)  THS Failing Endpoints  THS Total Endpoints  
----------    ----------    --------          -------      -------  ---------------------  -------------------      -------      -------  ---------------------  -------------------  


------------------------------------------------------------------------------------------------
| User Ignored Path Table
| -----------------------
------------------------------------------------------------------------------------------------

Path Group    From Clock    To Clock    
----------    ----------    --------    


------------------------------------------------------------------------------------------------
| Unconstrained Path Table
| ------------------------
------------------------------------------------------------------------------------------------

Path Group    From Clock    To Clock    
----------    ----------    --------    
(none)                                    


------------------------------------------------------------------------------------------------
| Timing Details
| --------------
------------------------------------------------------------------------------------------------


--------------------------------------------------------------------------------------
Path Group:  (none)
From Clock:  
  To Clock:  

Max Delay            12 Endpoints
Min Delay            12 Endpoints
--------------------------------------------------------------------------------------


Max Delay Paths
--------------------------------------------------------------------------------------
Slack:                    inf
  Source:                 data[3]
                            (input port)
  Destination:            out_encoded[0]
                            (output port)
  Path Group:             (none)
  Path Type:              Max at Slow Process Corner
  Data Path Delay:        5.609ns  (logic 3.992ns (71.169%)  route 1.617ns (28.831%))
  Logic Levels:           3  (IBUF=1 LUT5=1 OBUF=1)

    Location             Delay type                Incr(ns)  Path(ns)    Netlist Resource(s)
  -------------------------------------------------------------------    -------------------
                                                      0.000     0.000 r  data[3] (IN)
                         net (fo=0)                   0.000     0.000    data[3]
                         IBUF (Prop_ibuf_I_O)         1.001     1.001 r  data_IBUF[3]_inst/O
                         net (fo=4, unplaced)         0.809     1.810    out_encoded_OBUF[6]
                         LUT5 (Prop_lut5_I0_O)        0.148     1.958 r  out_encoded_OBUF[0]_inst_i_1/O
                         net (fo=1, unplaced)         0.809     2.766    out_encoded_OBUF[0]
                         OBUF (Prop_obuf_I_O)         2.843     5.609 r  out_encoded_OBUF[0]_inst/O
                         net (fo=0)                   0.000     5.609    out_encoded[0]
                                                                      r  out_encoded[0] (OUT)
  -------------------------------------------------------------------    -------------------

Slack:                    inf
  Source:                 data[3]
                            (input port)
  Destination:            out_encoded[0]
                            (output port)
  Path Group:             (none)
  Path Type:              Max at Slow Process Corner
  Data Path Delay:        5.609ns  (logic 3.992ns (71.169%)  route 1.617ns (28.831%))
  Logic Levels:           3  (IBUF=1 LUT5=1 OBUF=1)

    Location             Delay type                Incr(ns)  Path(ns)    Netlist Resource(s)
  -------------------------------------------------------------------    -------------------
                                                      0.000     0.000 f  data[3] (IN)
                         net (fo=0)                   0.000     0.000    data[3]
                         IBUF (Prop_ibuf_I_O)         1.001     1.001 f  data_IBUF[3]_inst/O
                         net (fo=4, unplaced)         0.809     1.810    out_encoded_OBUF[6]
                         LUT5 (Prop_lut5_I0_O)        0.148     1.958 r  out_encoded_OBUF[0]_inst_i_1/O
                         net (fo=1, unplaced)         0.809     2.766    out_encoded_OBUF[0]
                         OBUF (Prop_obuf_I_O)         2.843     5.609 r  out_encoded_OBUF[0]_inst/O
                         net (fo=0)                   0.000     5.609    out_encoded[0]
                                                                      r  out_encoded[0] (OUT)
  -------------------------------------------------------------------    -------------------

Slack:                    inf
  Source:                 data[6]
                            (input port)
  Destination:            out_encoded[0]
                            (output port)
  Path Group:             (none)
  Path Type:              Max at Slow Process Corner
  Data Path Delay:        5.609ns  (logic 3.992ns (71.169%)  route 1.617ns (28.831%))
  Logic Levels:           3  (IBUF=1 LUT5=1 OBUF=1)

    Location             Delay type                Incr(ns)  Path(ns)    Netlist Resource(s)
  -------------------------------------------------------------------    -------------------
                                                      0.000     0.000 r  data[6] (IN)
                         net (fo=0)                   0.000     0.000    data[6]
                         IBUF (Prop_ibuf_I_O)         1.001     1.001 r  data_IBUF[6]_inst/O
                         net (fo=4, unplaced)         0.809     1.810    out_encoded_OBUF[10]
                         LUT5 (Prop_lut5_I4_O)        0.148     1.958 r  out_encoded_OBUF[0]_inst_i_1/O
                         net (fo=1, unplaced)         0.809     2.766    out_encoded_OBUF[0]
                         OBUF (Prop_obuf_I_O)         2.843     5.609 r  out_encoded_OBUF[0]_inst/O
                         net (fo=0)                   0.000     5.609    out_encoded[0]
                                                                      r  out_encoded[0] (OUT)
  -------------------------------------------------------------------    -------------------





Min Delay Paths
--------------------------------------------------------------------------------------
Slack:                    inf
  Source:                 data[6]
                            (input port)
  Destination:            out_encoded[10]
                            (output port)
  Path Group:             (none)
  Path Type:              Min at Fast Process Corner
  Data Path Delay:        2.055ns  (logic 1.654ns (80.485%)  route 0.401ns (19.515%))
  Logic Levels:           2  (IBUF=1 OBUF=1)

    Location             Delay type                Incr(ns)  Path(ns)    Netlist Resource(s)
  -------------------------------------------------------------------    -------------------
                                                      0.000     0.000 r  data[6] (IN)
                         net (fo=0)                   0.000     0.000    data[6]
                         IBUF (Prop_ibuf_I_O)         0.412     0.412 r  data_IBUF[6]_inst/O
                         net (fo=4, unplaced)         0.401     0.813    out_encoded_OBUF[10]
                         OBUF (Prop_obuf_I_O)         1.242     2.055 r  out_encoded_OBUF[10]_inst/O
                         net (fo=0)                   0.000     2.055    out_encoded[10]
                                                                      r  out_encoded[10] (OUT)
  -------------------------------------------------------------------    -------------------

Slack:                    inf
  Source:                 data[6]
                            (input port)
  Destination:            out_encoded[10]
                            (output port)
  Path Group:             (none)
  Path Type:              Min at Fast Process Corner
  Data Path Delay:        2.055ns  (logic 1.654ns (80.485%)  route 0.401ns (19.515%))
  Logic Levels:           2  (IBUF=1 OBUF=1)

    Location             Delay type                Incr(ns)  Path(ns)    Netlist Resource(s)
  -------------------------------------------------------------------    -------------------
                                                      0.000     0.000 f  data[6] (IN)
                         net (fo=0)                   0.000     0.000    data[6]
                         IBUF (Prop_ibuf_I_O)         0.412     0.412 f  data_IBUF[6]_inst/O
                         net (fo=4, unplaced)         0.401     0.813    out_encoded_OBUF[10]
                         OBUF (Prop_obuf_I_O)         1.242     2.055 f  out_encoded_OBUF[10]_inst/O
                         net (fo=0)                   0.000     2.055    out_encoded[10]
                                                                      f  out_encoded[10] (OUT)
  -------------------------------------------------------------------    -------------------

Slack:                    inf
  Source:                 data[7]
                            (input port)
  Destination:            out_encoded[11]
                            (output port)
  Path Group:             (none)
  Path Type:              Min at Fast Process Corner
  Data Path Delay:        2.055ns  (logic 1.654ns (80.485%)  route 0.401ns (19.515%))
  Logic Levels:           2  (IBUF=1 OBUF=1)

    Location             Delay type                Incr(ns)  Path(ns)    Netlist Resource(s)
  -------------------------------------------------------------------    -------------------
                                                      0.000     0.000 r  data[7] (IN)
                         net (fo=0)                   0.000     0.000    data[7]
                         IBUF (Prop_ibuf_I_O)         0.412     0.412 r  data_IBUF[7]_inst/O
                         net (fo=3, unplaced)         0.401     0.813    out_encoded_OBUF[11]
                         OBUF (Prop_obuf_I_O)         1.242     2.055 r  out_encoded_OBUF[11]_inst/O
                         net (fo=0)                   0.000     2.055    out_encoded[11]
                                                                      r  out_encoded[11] (OUT)
  -------------------------------------------------------------------    -------------------





